<?xml version="1.0" encoding="UTF-8"?>
<testng-results skipped="0" failed="0" ignored="0" total="1" passed="1">
  <reporter-output>
    <line>
      <![CDATA[You are Succesfully Navigate to :New Cars in India 2021 | New Car Information | Best New Cars - CarWale]]>
    </line>
    <line>
      <![CDATA[You are Navigate to :Best Compact SUVs in India - March 2021 | Top Compact SUVs - CarWale]]>
    </line>
    <line>
      <![CDATA[You are on RenaultKiger Page : Renault Kiger Price (March Offers!) - Images, Colours & Reviews - CarWale]]>
    </line>
    <line>
      <![CDATA[Scenario 01 passed: ]]>
    </line>
  </reporter-output>
  <suite name="Default suite" duration-ms="110530" started-at="2021-03-30T23:21:15 IST" finished-at="2021-03-30T23:23:06 IST">
    <groups>
    </groups>
    <test name="Default test" duration-ms="110530" started-at="2021-03-30T23:21:15 IST" finished-at="2021-03-30T23:23:06 IST">
      <class name="com.carwale.testscripts.Scenario1_StoreRnaultKigerSUVPriceVariants">
        <test-method status="PASS" signature="launchApplication()[pri:0, instance:com.carwale.testscripts.Scenario1_StoreRnaultKigerSUVPriceVariants@72b6cbcc]" name="launchApplication" is-config="true" duration-ms="6559" started-at="2021-03-30T23:21:15 IST" finished-at="2021-03-30T23:21:22 IST">
          <reporter-output>
          </reporter-output>
        </test-method> <!-- launchApplication -->
        <test-method status="PASS" signature="TC_01_NavigatetoHomePage()[pri:0, instance:com.carwale.testscripts.Scenario1_StoreRnaultKigerSUVPriceVariants@72b6cbcc]" name="TC_01_NavigatetoHomePage" duration-ms="102912" started-at="2021-03-30T23:21:22 IST" finished-at="2021-03-30T23:23:05 IST">
          <reporter-output>
            <line>
              <![CDATA[You are Succesfully Navigate to :New Cars in India 2021 | New Car Information | Best New Cars - CarWale]]>
            </line>
            <line>
              <![CDATA[You are Navigate to :Best Compact SUVs in India - March 2021 | Top Compact SUVs - CarWale]]>
            </line>
            <line>
              <![CDATA[You are on RenaultKiger Page : Renault Kiger Price (March Offers!) - Images, Colours & Reviews - CarWale]]>
            </line>
            <line>
              <![CDATA[Scenario 01 passed: ]]>
            </line>
          </reporter-output>
        </test-method> <!-- TC_01_NavigatetoHomePage -->
        <test-method status="PASS" signature="closeApplication()[pri:0, instance:com.carwale.testscripts.Scenario1_StoreRnaultKigerSUVPriceVariants@72b6cbcc]" name="closeApplication" is-config="true" duration-ms="992" started-at="2021-03-30T23:23:05 IST" finished-at="2021-03-30T23:23:06 IST">
          <reporter-output>
          </reporter-output>
        </test-method> <!-- closeApplication -->
      </class> <!-- com.carwale.testscripts.Scenario1_StoreRnaultKigerSUVPriceVariants -->
    </test> <!-- Default test -->
  </suite> <!-- Default suite -->
</testng-results>
