<?xml version="1.0" encoding="UTF-8"?>
<testng-results skipped="0" failed="0" ignored="0" total="1" passed="1">
  <reporter-output>
    <line>
      <![CDATA[You are Succesfully Navigate to :New Cars in India 2021 | New Car Information | Best New Cars - CarWale]]>
    </line>
    <line>
      <![CDATA[You are Navigate to :Best Compact SUVs in India - March 2021 | Top Compact SUVs - CarWale]]>
    </line>
    <line>
      <![CDATA[You are on RenaultKiger Page : Renault Kiger Price (March Offers!) - Images, Colours & Reviews - CarWale]]>
    </line>
    <line>
      <![CDATA[Scenario 01 passed: ]]>
    </line>
  </reporter-output>
  <suite name="Default suite" duration-ms="53525" started-at="2021-03-31T21:26:06 IST" finished-at="2021-03-31T21:26:59 IST">
    <groups>
    </groups>
    <test name="Default test" duration-ms="53525" started-at="2021-03-31T21:26:06 IST" finished-at="2021-03-31T21:26:59 IST">
      <class name="com.carwale.testscripts.Scenario1_StoreRnaultKigerSUVPriceVariants">
        <test-method status="PASS" signature="launchApplication()[pri:0, instance:com.carwale.testscripts.Scenario1_StoreRnaultKigerSUVPriceVariants@72b6cbcc]" name="launchApplication" is-config="true" duration-ms="7500" started-at="2021-03-31T21:26:06 IST" finished-at="2021-03-31T21:26:13 IST">
          <reporter-output>
          </reporter-output>
        </test-method> <!-- launchApplication -->
        <test-method status="PASS" signature="TC_01_NavigatetoHomePage()[pri:0, instance:com.carwale.testscripts.Scenario1_StoreRnaultKigerSUVPriceVariants@72b6cbcc]" name="TC_01_NavigatetoHomePage" duration-ms="45026" started-at="2021-03-31T21:26:13 IST" finished-at="2021-03-31T21:26:58 IST">
          <reporter-output>
            <line>
              <![CDATA[You are Succesfully Navigate to :New Cars in India 2021 | New Car Information | Best New Cars - CarWale]]>
            </line>
            <line>
              <![CDATA[You are Navigate to :Best Compact SUVs in India - March 2021 | Top Compact SUVs - CarWale]]>
            </line>
            <line>
              <![CDATA[You are on RenaultKiger Page : Renault Kiger Price (March Offers!) - Images, Colours & Reviews - CarWale]]>
            </line>
            <line>
              <![CDATA[Scenario 01 passed: ]]>
            </line>
          </reporter-output>
        </test-method> <!-- TC_01_NavigatetoHomePage -->
        <test-method status="PASS" signature="closeApplication()[pri:0, instance:com.carwale.testscripts.Scenario1_StoreRnaultKigerSUVPriceVariants@72b6cbcc]" name="closeApplication" is-config="true" duration-ms="929" started-at="2021-03-31T21:26:58 IST" finished-at="2021-03-31T21:26:59 IST">
          <reporter-output>
          </reporter-output>
        </test-method> <!-- closeApplication -->
      </class> <!-- com.carwale.testscripts.Scenario1_StoreRnaultKigerSUVPriceVariants -->
    </test> <!-- Default test -->
  </suite> <!-- Default suite -->
</testng-results>
